<?xml version="1.0" encoding="UTF-8"?>
<!-- Generated by org.testng.reporters.JUnitXMLReporter -->
<testsuite ignored="1" hostname="DESKTOP-GS9S3IA" failures="0" tests="16" name="Test cases" time="11.618" errors="0" timestamp="2020-12-16T17:30:53 IST">
  <testcase classname="testNG.dependenciesManagement" name="highschool" time="0.004"/>
  <testcase classname="testNG.dependenciesManagement" name="highSecondaryschool" time="0.001"/>
  <testcase classname="testNG.dependenciesManagement" name="College" time="0.001"/>
  <testcase classname="testNG.Skipatestcase" name="firstgear" time="0.001"/>
  <testcase classname="testNG.Skipatestcase" name="startacar" time="0.001"/>
  <testcase classname="testNG.Skipatestcase" name="secondgear" time="0.0"/>
  <testcase classname="testNG.Skipatestcase" name="thirdgear" time="0.001"/>
  <testcase classname="testNG.Skipatestcase" name="fourthgear" time="0.001"/>
  <testcase classname="testNG.tartACar" name="startacar" time="0.001"/>
  <testcase classname="testNG.tartACar" name="firstgear" time="0.001"/>
  <testcase classname="testNG.tartACar" name="secondgear" time="0.0"/>
  <testcase classname="testNG.tartACar" name="thirdgear" time="0.001"/>
  <testcase classname="testNG.tartACar" name="fourthgear" time="0.001"/>
  <testcase classname="testNG.TestSuite" name="openBing" time="1.374"/>
  <testcase classname="testNG.TestSuite" name="openGoogle" time="6.801"/>
  <testcase classname="testNG.TestSuite" name="openYahoo" time="3.394"/>
  <testcase classname="testNG.Skipatestcase" name="musicon" time="0.0">
    <ignored/>
  </testcase> <!-- musicon -->
</testsuite> <!-- Test cases -->
