<?xml version="1.0" encoding="UTF-8"?>
<testng-results ignored="0" total="4" passed="4" failed="0" skipped="0">
  <reporter-output>
  </reporter-output>
  <suite started-at="2020-12-17T17:41:58 IST" name="Default suite" finished-at="2020-12-17T17:42:34 IST" duration-ms="36026">
    <groups>
    </groups>
    <test started-at="2020-12-17T17:41:58 IST" name="Default test" finished-at="2020-12-17T17:42:34 IST" duration-ms="36026">
      <class name="dataprovidertestng.login">
        <test-method is-config="true" signature="beforetest()[pri:0, instance:dataprovidertestng.login@4e91d63f]" started-at="2020-12-17T17:41:58 IST" name="beforetest" finished-at="2020-12-17T17:42:01 IST" duration-ms="3493" status="PASS">
          <reporter-output>
          </reporter-output>
        </test-method> <!-- beforetest -->
        <test-method signature="logincorrectly(java.lang.String, java.lang.String)[pri:0, instance:dataprovidertestng.login@4e91d63f]" started-at="2020-12-17T17:42:01 IST" name="logincorrectly" data-provider="logindata" finished-at="2020-12-17T17:42:26 IST" duration-ms="24783" status="PASS">
          <params>
            <param index="0">
              <value>
                <![CDATA[sylix]]>
              </value>
            </param>
            <param index="1">
              <value>
                <![CDATA[admin]]>
              </value>
            </param>
          </params>
          <reporter-output>
          </reporter-output>
        </test-method> <!-- logincorrectly -->
        <test-method signature="logincorrectly(java.lang.String, java.lang.String)[pri:0, instance:dataprovidertestng.login@4e91d63f]" started-at="2020-12-17T17:42:26 IST" name="logincorrectly" data-provider="logindata" finished-at="2020-12-17T17:42:29 IST" duration-ms="3026" status="PASS">
          <params>
            <param index="0">
              <value>
                <![CDATA[sylix]]>
              </value>
            </param>
            <param index="1">
              <value>
                <![CDATA[admin]]>
              </value>
            </param>
          </params>
          <reporter-output>
          </reporter-output>
        </test-method> <!-- logincorrectly -->
        <test-method signature="logincorrectly(java.lang.String, java.lang.String)[pri:0, instance:dataprovidertestng.login@4e91d63f]" started-at="2020-12-17T17:42:29 IST" name="logincorrectly" data-provider="logindata" finished-at="2020-12-17T17:42:31 IST" duration-ms="1926" status="PASS">
          <params>
            <param index="0">
              <value>
                <![CDATA[sylix]]>
              </value>
            </param>
            <param index="1">
              <value>
                <![CDATA[admin]]>
              </value>
            </param>
          </params>
          <reporter-output>
          </reporter-output>
        </test-method> <!-- logincorrectly -->
        <test-method signature="logincorrectly(java.lang.String, java.lang.String)[pri:0, instance:dataprovidertestng.login@4e91d63f]" started-at="2020-12-17T17:42:31 IST" name="logincorrectly" data-provider="logindata" finished-at="2020-12-17T17:42:33 IST" duration-ms="2092" status="PASS">
          <params>
            <param index="0">
              <value>
                <![CDATA[sylix]]>
              </value>
            </param>
            <param index="1">
              <value>
                <![CDATA[admin]]>
              </value>
            </param>
          </params>
          <reporter-output>
          </reporter-output>
        </test-method> <!-- logincorrectly -->
        <test-method is-config="true" signature="aftertest()[pri:0, instance:dataprovidertestng.login@4e91d63f]" started-at="2020-12-17T17:42:33 IST" name="aftertest" finished-at="2020-12-17T17:42:34 IST" duration-ms="620" status="PASS">
          <reporter-output>
          </reporter-output>
        </test-method> <!-- aftertest -->
      </class> <!-- dataprovidertestng.login -->
    </test> <!-- Default test -->
  </suite> <!-- Default suite -->
</testng-results>
