<?xml version="1.0" encoding="UTF-8"?>
<!-- Generated by org.testng.reporters.JUnitXMLReporter -->
<testsuite ignored="0" hostname="DESKTOP-GS9S3IA" failures="0" tests="4" name="Default test" time="36.026" errors="0" timestamp="2020-12-17T17:42:34 IST">
  <testcase classname="dataprovidertestng.login" name="logincorrectly" time="24.783"/>
  <testcase classname="dataprovidertestng.login" name="logincorrectly" time="3.026"/>
  <testcase classname="dataprovidertestng.login" name="logincorrectly" time="1.926"/>
  <testcase classname="dataprovidertestng.login" name="logincorrectly" time="2.092"/>
</testsuite> <!-- Default test -->
